<?xml version="1.0" encoding="UTF-8"?>
<!-- Generated by org.testng.reporters.JUnitReportReporter -->
<testsuite skipped="0" hostname="DESKTOP-MSQ9CNA" name="Testcases.CreatePortfolioTest" tests="1" failures="0" timestamp="2022-03-12T17:29:04 IST" time="16.056" errors="0">
  <testcase name="createPortFolioTest" time="16.056" classname="Testcases.CreatePortfolioTest"/>
  <system-out/>
</testsuite> <!-- Testcases.CreatePortfolioTest -->
